<?xml version="1.0" encoding="UTF-8"?>
<!-- Generated by org.testng.reporters.JUnitReportReporter -->
<testsuite hostname="JDVivobook" failures="0" tests="1" name="defaultproject.Tests.TestScenario1" time="39.747" errors="0" timestamp="2024-06-14T20:11:05 BST" skipped="0">
  <testcase classname="defaultproject.Tests.TestScenario1" name="threeItemsToBuy" time="39.747"/>
</testsuite> <!-- defaultproject.Tests.TestScenario1 -->
