<?xml version="1.0" encoding="UTF-8"?>
<!-- Generated by org.testng.reporters.JUnitReportReporter -->
<testsuite hostname="JDVivobook" failures="0" tests="3" name="defaultproject.Tests.ErrorValidations" time="16.918" errors="0" timestamp="2024-06-09T11:11:37 BST" skipped="1">
  <testcase classname="defaultproject.Tests.ErrorValidations" name="loginErrorValidation" time="5.361"/>
  <testcase classname="defaultproject.Tests.ErrorValidations" name="loginErrorValidation" time="5.429"/>
  <testcase classname="defaultproject.Tests.ErrorValidations" name="loginErrorValidation" time="6.128">
    <skipped/>
  </testcase> <!-- loginErrorValidation -->
</testsuite> <!-- defaultproject.Tests.ErrorValidations -->
