<?xml version="1.0" encoding="UTF-8"?>
<!-- Generated by org.testng.reporters.JUnitReportReporter -->
<testsuite hostname="JDVivobook" failures="0" tests="1" name="defaultproject.Tests.BasicTest" time="52.097" errors="0" timestamp="2024-06-12T17:58:13 BST" skipped="0">
  <testcase classname="defaultproject.Tests.BasicTest" name="loginErrorValidation" time="52.097"/>
</testsuite> <!-- defaultproject.Tests.BasicTest -->
