<?xml version="1.0" encoding="UTF-8"?>
<!-- Generated by org.testng.reporters.JUnitReportReporter -->
<testsuite hostname="JDVivobook" failures="0" tests="1" name="defaultproject.Tests.TestScenario1" time="11.862" errors="0" timestamp="2024-06-12T19:49:23 BST" skipped="0">
  <testcase classname="defaultproject.Tests.TestScenario1" name="threeItemsToBuy" time="11.862"/>
</testsuite> <!-- defaultproject.Tests.TestScenario1 -->
