<?xml version="1.0" encoding="UTF-8"?>
<!-- Generated by org.testng.reporters.JUnitReportReporter -->
<testsuite hostname="JDVivobook" failures="0" tests="1" name="defaultproject.Tests.BasicTest" time="59.901" errors="0" timestamp="2024-06-10T19:22:19 BST" skipped="0">
  <testcase classname="defaultproject.Tests.BasicTest" name="loginErrorValidation" time="59.901"/>
</testsuite> <!-- defaultproject.Tests.BasicTest -->
